2016-02-24 09:03:59,237 [main] INFO  [org.springframework.web.context.ContextLoader] - Root WebApplicationContext: initialization started
2016-02-24 09:03:59,394 [main] INFO  [org.springframework.web.context.support.XmlWebApplicationContext] - Refreshing Root WebApplicationContext: startup date [Wed Feb 24 09:03:59 CST 2016]; root of context hierarchy
2016-02-24 09:03:59,431 [main] INFO  [org.springframework.beans.factory.xml.XmlBeanDefinitionReader] - Loading XML bean definitions from URL [file:/F:/workspace/rac/imark/target/classes/spring/applicationContext.xml]
2016-02-24 09:03:59,743 [main] INFO  [org.springframework.beans.factory.xml.XmlBeanDefinitionReader] - Loading XML bean definitions from class path resource [spring/spring-data-jpa.xml]
2016-02-24 09:04:00,040 [main] INFO  [org.springframework.context.support.PropertySourcesPlaceholderConfigurer] - Loading properties file from class path resource [database/jdbc.properties]
2016-02-24 09:04:00,118 [main] INFO  [org.springframework.context.support.PostProcessorRegistrationDelegate$BeanPostProcessorChecker] - Bean 'org.springframework.transaction.annotation.AnnotationTransactionAttributeSource#0' of type [class org.springframework.transaction.annotation.AnnotationTransactionAttributeSource] is not eligible for getting processed by all BeanPostProcessors (for example: not eligible for auto-proxying)
2016-02-24 09:04:00,134 [main] INFO  [org.springframework.context.support.PostProcessorRegistrationDelegate$BeanPostProcessorChecker] - Bean 'org.springframework.transaction.config.internalTransactionAdvisor' of type [class org.springframework.transaction.interceptor.BeanFactoryTransactionAttributeSourceAdvisor] is not eligible for getting processed by all BeanPostProcessors (for example: not eligible for auto-proxying)
2016-02-24 09:04:00,759 [main] INFO  [com.alibaba.druid.pool.DruidDataSource] - {dataSource-1} inited
2016-02-24 09:04:01,020 [main] INFO  [org.springframework.orm.jpa.LocalContainerEntityManagerFactoryBean] - Building JPA container EntityManagerFactory for persistence unit 'default'
2016-02-24 09:04:01,051 [main] INFO  [org.hibernate.jpa.internal.util.LogHelper] - HHH000204: Processing PersistenceUnitInfo [
	name: default
	...]
2016-02-24 09:04:01,145 [main] INFO  [org.hibernate.Version] - HHH000412: Hibernate Core {4.3.5.Final}
2016-02-24 09:04:01,145 [main] INFO  [org.hibernate.cfg.Environment] - HHH000206: hibernate.properties not found
2016-02-24 09:04:01,145 [main] INFO  [org.hibernate.cfg.Environment] - HHH000021: Bytecode provider name : javassist
2016-02-24 09:04:01,348 [main] INFO  [org.hibernate.annotations.common.Version] - HCANN000001: Hibernate Commons Annotations {4.0.4.Final}
2016-02-24 09:04:01,442 [main] INFO  [org.hibernate.dialect.Dialect] - HHH000400: Using dialect: org.hibernate.dialect.H2Dialect
2016-02-24 09:04:01,698 [main] INFO  [org.hibernate.hql.internal.ast.ASTQueryTranslatorFactory] - HHH000397: Using ASTQueryTranslatorFactory
2016-02-24 09:04:01,901 [main] WARN  [org.hibernate.id.UUIDHexGenerator] - HHH000409: Using org.hibernate.id.UUIDHexGenerator which does not generate IETF RFC 4122 compliant UUID values; consider using org.hibernate.id.UUIDGenerator instead
2016-02-24 09:04:02,530 [main] INFO  [org.springframework.web.context.ContextLoader] - Root WebApplicationContext: initialization completed in 3292 ms
2016-02-24 09:04:02,649 [main] INFO  [org.springframework.web.servlet.DispatcherServlet] - FrameworkServlet 'springServlet': initialization started
2016-02-24 09:04:02,649 [main] INFO  [org.springframework.web.context.support.XmlWebApplicationContext] - Refreshing WebApplicationContext for namespace 'springServlet-servlet': startup date [Wed Feb 24 09:04:02 CST 2016]; parent: Root WebApplicationContext
2016-02-24 09:04:02,649 [main] INFO  [org.springframework.beans.factory.xml.XmlBeanDefinitionReader] - Loading XML bean definitions from ServletContext resource [/WEB-INF/spring-mvc.xml]
2016-02-24 09:04:02,868 [main] INFO  [org.springframework.beans.factory.annotation.AutowiredAnnotationBeanPostProcessor] - JSR-330 'javax.inject.Inject' annotation found and supported for autowiring
2016-02-24 09:04:03,744 [main] INFO  [org.springframework.web.servlet.view.freemarker.FreeMarkerConfigurer] - ClassTemplateLoader for Spring macros added to FreeMarker configuration
2016-02-24 09:04:03,911 [main] INFO  [org.springframework.web.servlet.handler.SimpleUrlHandlerMapping] - Mapped URL path [/resources/**] onto handler 'org.springframework.web.servlet.resource.ResourceHttpRequestHandler#0'
2016-02-24 09:04:03,927 [main] INFO  [org.springframework.web.servlet.handler.SimpleUrlHandlerMapping] - Mapped URL path [/upload/**] onto handler 'org.springframework.web.servlet.resource.ResourceHttpRequestHandler#1'
2016-02-24 09:04:03,974 [main] INFO  [org.springframework.web.servlet.mvc.method.annotation.RequestMappingHandlerMapping] - Mapped "{[/bizBill/list],methods=[],params=[],headers=[],consumes=[],produces=[],custom=[]}" onto public java.lang.Object com.imark.manager.controller.BizBillController.list(javax.servlet.http.HttpServletRequest)
2016-02-24 09:04:03,974 [main] INFO  [org.springframework.web.servlet.mvc.method.annotation.RequestMappingHandlerMapping] - Mapped "{[/editor/list],methods=[],params=[],headers=[],consumes=[],produces=[],custom=[]}" onto public java.lang.Object com.imark.system.controller.EditorController.list(javax.servlet.http.HttpServletRequest)
2016-02-24 09:04:03,974 [main] INFO  [org.springframework.web.servlet.mvc.method.annotation.RequestMappingHandlerMapping] - Mapped "{[/editor/delete],methods=[],params=[],headers=[],consumes=[],produces=[],custom=[]}" onto public java.lang.Object com.imark.system.controller.EditorController.delete(javax.servlet.http.HttpServletRequest)
2016-02-24 09:04:03,974 [main] INFO  [org.springframework.web.servlet.mvc.method.annotation.RequestMappingHandlerMapping] - Mapped "{[/editor/downloadAttach],methods=[],params=[],headers=[],consumes=[],produces=[],custom=[]}" onto public void com.imark.system.controller.EditorController.downloadAttach(javax.servlet.http.HttpServletRequest,javax.servlet.http.HttpServletResponse) throws java.io.IOException
2016-02-24 09:04:03,974 [main] INFO  [org.springframework.web.servlet.mvc.method.annotation.RequestMappingHandlerMapping] - Mapped "{[/editor/uploadImage],methods=[],params=[],headers=[],consumes=[],produces=[],custom=[]}" onto public void com.imark.system.controller.EditorController.uploadImage(org.springframework.web.multipart.MultipartFile,javax.servlet.http.HttpServletRequest,javax.servlet.http.HttpServletResponse) throws org.apache.commons.fileupload.FileUploadException,java.lang.IllegalStateException,java.io.IOException
2016-02-24 09:04:03,974 [main] INFO  [org.springframework.web.servlet.mvc.method.annotation.RequestMappingHandlerMapping] - Mapped "{[/editor/saveArticle],methods=[],params=[],headers=[],consumes=[],produces=[],custom=[]}" onto public java.lang.String com.imark.system.controller.EditorController.saveArticle(javax.servlet.http.HttpServletRequest)
2016-02-24 09:04:03,974 [main] INFO  [org.springframework.web.servlet.mvc.method.annotation.RequestMappingHandlerMapping] - Mapped "{[/editor/saveAttach],methods=[],params=[],headers=[],consumes=[],produces=[],custom=[]}" onto public void com.imark.system.controller.EditorController.saveAttach(org.springframework.web.multipart.MultipartFile,javax.servlet.http.HttpServletRequest,javax.servlet.http.HttpServletResponse) throws java.io.IOException
2016-02-24 09:04:03,974 [main] INFO  [org.springframework.web.servlet.mvc.method.annotation.RequestMappingHandlerMapping] - Mapped "{[/editor/showArticle],methods=[],params=[],headers=[],consumes=[],produces=[],custom=[]}" onto public java.lang.Object com.imark.system.controller.EditorController.showArticle(java.lang.String)
2016-02-24 09:04:03,974 [main] INFO  [org.springframework.web.servlet.mvc.method.annotation.RequestMappingHandlerMapping] - Mapped "{[/editor/addArticle],methods=[],params=[],headers=[],consumes=[],produces=[],custom=[]}" onto public java.lang.Object com.imark.system.controller.EditorController.addArticle()
2016-02-24 09:04:03,974 [main] INFO  [org.springframework.web.servlet.mvc.method.annotation.RequestMappingHandlerMapping] - Mapped "{[/editor/dispArticle],methods=[],params=[],headers=[],consumes=[],produces=[],custom=[]}" onto public java.lang.Object com.imark.system.controller.EditorController.dispArticle(java.lang.String)
2016-02-24 09:04:03,974 [main] INFO  [org.springframework.web.servlet.mvc.method.annotation.RequestMappingHandlerMapping] - Mapped "{[/editor/editArticle],methods=[],params=[],headers=[],consumes=[],produces=[],custom=[]}" onto public java.lang.Object com.imark.system.controller.EditorController.editArticle(java.lang.String)
2016-02-24 09:04:03,974 [main] INFO  [org.springframework.web.servlet.mvc.method.annotation.RequestMappingHandlerMapping] - Mapped "{[/file/upload],methods=[],params=[],headers=[],consumes=[],produces=[],custom=[]}" onto public void com.imark.system.controller.FileController.upload(org.springframework.web.multipart.MultipartFile,javax.servlet.http.HttpServletRequest,javax.servlet.http.HttpServletResponse) throws java.io.IOException
2016-02-24 09:04:03,974 [main] INFO  [org.springframework.web.servlet.mvc.method.annotation.RequestMappingHandlerMapping] - Mapped "{[/file/download],methods=[],params=[],headers=[],consumes=[],produces=[],custom=[]}" onto public void com.imark.system.controller.FileController.download(javax.servlet.http.HttpServletRequest,javax.servlet.http.HttpServletResponse) throws java.io.IOException
2016-02-24 09:04:03,974 [main] INFO  [org.springframework.web.servlet.mvc.method.annotation.RequestMappingHandlerMapping] - Mapped "{[/file/testParam],methods=[],params=[],headers=[],consumes=[],produces=[],custom=[]}" onto public java.lang.String com.imark.system.controller.FileController.testParam(javax.servlet.http.HttpServletRequest) throws java.io.UnsupportedEncodingException
2016-02-24 09:04:03,974 [main] INFO  [org.springframework.web.servlet.mvc.method.annotation.RequestMappingHandlerMapping] - Mapped "{[/file/indexSubmit],methods=[],params=[],headers=[],consumes=[],produces=[],custom=[]}" onto public java.lang.String com.imark.system.controller.FileController.indexSubmit(com.imark.system.vo.IformVo,javax.servlet.http.HttpServletRequest)
2016-02-24 09:04:03,974 [main] INFO  [org.springframework.web.servlet.mvc.method.annotation.RequestMappingHandlerMapping] - Mapped "{[/html/index],methods=[],params=[],headers=[],consumes=[],produces=[],custom=[]}" onto public java.lang.Object com.imark.system.controller.HtmlController.index(java.lang.String)
2016-02-24 09:04:03,974 [main] INFO  [org.springframework.web.servlet.mvc.method.annotation.RequestMappingHandlerMapping] - Mapped "{[/html/content],methods=[],params=[],headers=[],consumes=[],produces=[],custom=[]}" onto public java.lang.Object com.imark.system.controller.HtmlController.content(java.lang.String)
2016-02-24 09:04:03,974 [main] INFO  [org.springframework.web.servlet.mvc.method.annotation.RequestMappingHandlerMapping] - Mapped "{[/html/nanling],methods=[],params=[],headers=[],consumes=[],produces=[],custom=[]}" onto public java.lang.Object com.imark.system.controller.HtmlController.nanling(java.lang.String)
2016-02-24 09:04:03,974 [main] INFO  [org.springframework.web.servlet.mvc.method.annotation.RequestMappingHandlerMapping] - Mapped "{[/main],methods=[],params=[],headers=[],consumes=[],produces=[],custom=[]}" onto public java.lang.String com.imark.system.controller.IndexController.main()
2016-02-24 09:04:03,974 [main] INFO  [org.springframework.web.servlet.mvc.method.annotation.RequestMappingHandlerMapping] - Mapped "{[/ || /login || /welcome],methods=[],params=[],headers=[],consumes=[],produces=[],custom=[]}" onto public java.lang.String com.imark.system.controller.IndexController.index()
2016-02-24 09:04:03,974 [main] INFO  [org.springframework.web.servlet.mvc.method.annotation.RequestMappingHandlerMapping] - Mapped "{[/views/{module}/{page}],methods=[],params=[],headers=[],consumes=[],produces=[],custom=[]}" onto public java.lang.String com.imark.system.controller.IndexController.getDefinedPage(java.lang.String,java.lang.String)
2016-02-24 09:04:03,974 [main] INFO  [org.springframework.web.servlet.mvc.method.annotation.RequestMappingHandlerMapping] - Mapped "{[/doLogin],methods=[],params=[],headers=[],consumes=[],produces=[],custom=[]}" onto public org.springframework.web.servlet.ModelAndView com.imark.system.controller.IndexController.doLogin(java.lang.String,java.lang.String,javax.servlet.http.HttpSession)
2016-02-24 09:04:03,974 [main] INFO  [org.springframework.web.servlet.mvc.method.annotation.RequestMappingHandlerMapping] - Mapped "{[/webDemo],methods=[],params=[],headers=[],consumes=[],produces=[],custom=[]}" onto public java.lang.String com.imark.system.controller.IndexController.webDemo()
2016-02-24 09:04:03,974 [main] INFO  [org.springframework.web.servlet.mvc.method.annotation.RequestMappingHandlerMapping] - Mapped "{[/markLog/list],methods=[],params=[],headers=[],consumes=[],produces=[],custom=[]}" onto public java.util.Map<java.lang.String, java.lang.Object> com.imark.system.controller.MarkLogController.list(javax.servlet.http.HttpServletRequest)
2016-02-24 09:04:03,974 [main] INFO  [org.springframework.web.servlet.mvc.method.annotation.RequestMappingHandlerMapping] - Mapped "{[/sysLoginUser/list],methods=[],params=[],headers=[],consumes=[],produces=[],custom=[]}" onto public java.lang.Object com.imark.system.controller.SysLoginUserController.list(javax.servlet.http.HttpServletRequest)
2016-02-24 09:04:03,974 [main] INFO  [org.springframework.web.servlet.mvc.method.annotation.RequestMappingHandlerMapping] - Mapped "{[/sysLoginUser/save],methods=[],params=[],headers=[],consumes=[],produces=[],custom=[]}" onto public java.lang.Object com.imark.system.controller.SysLoginUserController.save(com.imark.system.model.SysLoginUser)
2016-02-24 09:04:03,974 [main] INFO  [org.springframework.web.servlet.mvc.method.annotation.RequestMappingHandlerMapping] - Mapped "{[/sysLoginUser/delete],methods=[],params=[],headers=[],consumes=[],produces=[],custom=[]}" onto public java.lang.Object com.imark.system.controller.SysLoginUserController.delete(javax.servlet.http.HttpServletRequest)
2016-02-24 09:04:03,974 [main] INFO  [org.springframework.web.servlet.mvc.method.annotation.RequestMappingHandlerMapping] - Mapped "{[/sysMenu/save],methods=[],params=[],headers=[],consumes=[],produces=[],custom=[]}" onto public java.lang.Object com.imark.system.controller.SysMenuController.save()
2016-02-24 09:04:04,818 [main] INFO  [org.springframework.web.servlet.mvc.method.annotation.RequestMappingHandlerAdapter] - Looking for @ControllerAdvice: WebApplicationContext for namespace 'springServlet-servlet': startup date [Wed Feb 24 09:04:02 CST 2016]; parent: Root WebApplicationContext
2016-02-24 09:04:04,915 [main] INFO  [org.springframework.web.servlet.mvc.method.annotation.RequestMappingHandlerAdapter] - Looking for @ControllerAdvice: WebApplicationContext for namespace 'springServlet-servlet': startup date [Wed Feb 24 09:04:02 CST 2016]; parent: Root WebApplicationContext
2016-02-24 09:04:05,040 [main] INFO  [org.springframework.web.servlet.DispatcherServlet] - FrameworkServlet 'springServlet': initialization completed in 2391 ms
2016-02-24 13:39:27,303 [qtp22820455-29] INFO  [org.springframework.beans.factory.xml.XmlBeanDefinitionReader] - Loading XML bean definitions from class path resource [org/springframework/jdbc/support/sql-error-codes.xml]
2016-02-24 13:39:27,365 [qtp22820455-29] INFO  [org.springframework.jdbc.support.SQLErrorCodesFactory] - SQLErrorCodes loaded: [DB2, Derby, H2, HSQL, Informix, MS-SQL, MySQL, Oracle, PostgreSQL, Sybase, Hana]
2016-02-24 13:39:27,365 [qtp22820455-29] ERROR [com.imark.common.util.IExceptionHandler] - BadSqlGrammarException:PreparedStatementCallback; bad SQL grammar [SELECT * FROM (SELECT t.* ,ROWNUM RN FROM ARTICLE t WHERE 1=1 AND UPDATE_DATE >=2016-02-23 AND UPDATE_DATE <2016-02-24%') WHERE RN>=? AND RN<=?]; nested exception is org.h2.jdbc.JdbcSQLException: Syntax error in SQL statement "SELECT * FROM (SELECT t.* ,ROWNUM RN FROM ARTICLE t WHERE 1=1 AND UPDATE_DATE >=2016-02-23 AND UPDATE_DATE <2016-02-24%[*]') WHERE RN>=? AND RN<=?"; SQL statement:
SELECT * FROM (SELECT t.* ,ROWNUM RN FROM ARTICLE t WHERE 1=1 AND UPDATE_DATE >=2016-02-23 AND UPDATE_DATE <2016-02-24%') WHERE RN>=? AND RN<=? [42000-190]
	at org.h2.message.DbException.getJdbcSQLException(DbException.java:345)
	at org.h2.message.DbException.get(DbException.java:179)
	at org.h2.message.DbException.get(DbException.java:155)
	at org.h2.message.DbException.getSyntaxError(DbException.java:191)
	at org.h2.command.Parser.getSyntaxError(Parser.java:517)
	at org.h2.command.Parser.checkRunOver(Parser.java:3628)
	at org.h2.command.Parser.initialize(Parser.java:3539)
	at org.h2.command.Parser.parse(Parser.java:291)
	at org.h2.command.Parser.parse(Parser.java:280)
	at org.h2.command.Parser.prepareCommand(Parser.java:241)
	at org.h2.engine.Session.prepareLocal(Session.java:460)
	at org.h2.server.TcpServerThread.process(TcpServerThread.java:264)
	at org.h2.server.TcpServerThread.run(TcpServerThread.java:159)
	at java.lang.Thread.run(Thread.java:722)

2016-02-24 14:19:30,244 [qtp22820455-28] WARN  [org.springframework.web.servlet.PageNotFound] - No mapping found for HTTP request with URI [/imark/H2] in DispatcherServlet with name 'springServlet'
2016-02-24 15:49:32,541 [main] INFO  [org.springframework.web.context.ContextLoader] - Root WebApplicationContext: initialization started
2016-02-24 15:49:32,651 [main] INFO  [org.springframework.web.context.support.XmlWebApplicationContext] - Refreshing Root WebApplicationContext: startup date [Wed Feb 24 15:49:32 CST 2016]; root of context hierarchy
2016-02-24 15:49:32,682 [main] INFO  [org.springframework.beans.factory.xml.XmlBeanDefinitionReader] - Loading XML bean definitions from URL [file:/F:/workspace/rac/imark/target/classes/spring/applicationContext.xml]
2016-02-24 15:49:33,416 [main] INFO  [org.springframework.beans.factory.xml.XmlBeanDefinitionReader] - Loading XML bean definitions from class path resource [spring/spring-data-jpa.xml]
2016-02-24 15:49:33,612 [main] INFO  [org.springframework.context.support.PropertySourcesPlaceholderConfigurer] - Loading properties file from class path resource [database/jdbc.properties]
2016-02-24 15:49:33,690 [main] INFO  [org.springframework.context.support.PostProcessorRegistrationDelegate$BeanPostProcessorChecker] - Bean 'org.springframework.transaction.annotation.AnnotationTransactionAttributeSource#0' of type [class org.springframework.transaction.annotation.AnnotationTransactionAttributeSource] is not eligible for getting processed by all BeanPostProcessors (for example: not eligible for auto-proxying)
2016-02-24 15:49:33,690 [main] INFO  [org.springframework.context.support.PostProcessorRegistrationDelegate$BeanPostProcessorChecker] - Bean 'org.springframework.transaction.config.internalTransactionAdvisor' of type [class org.springframework.transaction.interceptor.BeanFactoryTransactionAttributeSourceAdvisor] is not eligible for getting processed by all BeanPostProcessors (for example: not eligible for auto-proxying)
2016-02-24 15:49:35,425 [main] INFO  [com.alibaba.druid.pool.DruidDataSource] - {dataSource-1} inited
2016-02-24 15:49:35,546 [main] INFO  [org.springframework.orm.jpa.LocalContainerEntityManagerFactoryBean] - Building JPA container EntityManagerFactory for persistence unit 'default'
2016-02-24 15:49:35,577 [main] INFO  [org.hibernate.jpa.internal.util.LogHelper] - HHH000204: Processing PersistenceUnitInfo [
	name: default
	...]
2016-02-24 15:49:35,656 [main] INFO  [org.hibernate.Version] - HHH000412: Hibernate Core {4.3.5.Final}
2016-02-24 15:49:35,671 [main] INFO  [org.hibernate.cfg.Environment] - HHH000206: hibernate.properties not found
2016-02-24 15:49:35,671 [main] INFO  [org.hibernate.cfg.Environment] - HHH000021: Bytecode provider name : javassist
2016-02-24 15:49:36,015 [main] INFO  [org.hibernate.annotations.common.Version] - HCANN000001: Hibernate Commons Annotations {4.0.4.Final}
2016-02-24 15:49:36,109 [main] INFO  [org.hibernate.dialect.Dialect] - HHH000400: Using dialect: org.hibernate.dialect.H2Dialect
2016-02-24 15:49:36,296 [main] INFO  [org.hibernate.hql.internal.ast.ASTQueryTranslatorFactory] - HHH000397: Using ASTQueryTranslatorFactory
2016-02-24 15:49:36,390 [main] WARN  [org.hibernate.id.UUIDHexGenerator] - HHH000409: Using org.hibernate.id.UUIDHexGenerator which does not generate IETF RFC 4122 compliant UUID values; consider using org.hibernate.id.UUIDGenerator instead
2016-02-24 15:49:37,000 [main] INFO  [org.springframework.web.context.ContextLoader] - Root WebApplicationContext: initialization completed in 4427 ms
2016-02-24 15:49:37,178 [main] INFO  [org.springframework.web.servlet.DispatcherServlet] - FrameworkServlet 'springServlet': initialization started
2016-02-24 15:49:37,178 [main] INFO  [org.springframework.web.context.support.XmlWebApplicationContext] - Refreshing WebApplicationContext for namespace 'springServlet-servlet': startup date [Wed Feb 24 15:49:37 CST 2016]; parent: Root WebApplicationContext
2016-02-24 15:49:37,178 [main] INFO  [org.springframework.beans.factory.xml.XmlBeanDefinitionReader] - Loading XML bean definitions from ServletContext resource [/WEB-INF/spring-mvc.xml]
2016-02-24 15:49:37,412 [main] INFO  [org.springframework.beans.factory.annotation.AutowiredAnnotationBeanPostProcessor] - JSR-330 'javax.inject.Inject' annotation found and supported for autowiring
2016-02-24 15:49:38,209 [main] INFO  [org.springframework.web.servlet.view.freemarker.FreeMarkerConfigurer] - ClassTemplateLoader for Spring macros added to FreeMarker configuration
2016-02-24 15:49:38,356 [main] INFO  [org.springframework.web.servlet.handler.SimpleUrlHandlerMapping] - Mapped URL path [/resources/**] onto handler 'org.springframework.web.servlet.resource.ResourceHttpRequestHandler#0'
2016-02-24 15:49:38,387 [main] INFO  [org.springframework.web.servlet.handler.SimpleUrlHandlerMapping] - Mapped URL path [/upload/**] onto handler 'org.springframework.web.servlet.resource.ResourceHttpRequestHandler#1'
2016-02-24 15:49:38,418 [main] INFO  [org.springframework.web.servlet.mvc.method.annotation.RequestMappingHandlerMapping] - Mapped "{[/bizBill/list],methods=[],params=[],headers=[],consumes=[],produces=[],custom=[]}" onto public java.lang.Object com.imark.manager.controller.BizBillController.list(javax.servlet.http.HttpServletRequest)
2016-02-24 15:49:38,418 [main] INFO  [org.springframework.web.servlet.mvc.method.annotation.RequestMappingHandlerMapping] - Mapped "{[/editor/list],methods=[],params=[],headers=[],consumes=[],produces=[],custom=[]}" onto public java.lang.Object com.imark.system.controller.EditorController.list(javax.servlet.http.HttpServletRequest)
2016-02-24 15:49:38,418 [main] INFO  [org.springframework.web.servlet.mvc.method.annotation.RequestMappingHandlerMapping] - Mapped "{[/editor/delete],methods=[],params=[],headers=[],consumes=[],produces=[],custom=[]}" onto public java.lang.Object com.imark.system.controller.EditorController.delete(javax.servlet.http.HttpServletRequest)
2016-02-24 15:49:38,418 [main] INFO  [org.springframework.web.servlet.mvc.method.annotation.RequestMappingHandlerMapping] - Mapped "{[/editor/downloadAttach],methods=[],params=[],headers=[],consumes=[],produces=[],custom=[]}" onto public void com.imark.system.controller.EditorController.downloadAttach(javax.servlet.http.HttpServletRequest,javax.servlet.http.HttpServletResponse) throws java.io.IOException
2016-02-24 15:49:38,418 [main] INFO  [org.springframework.web.servlet.mvc.method.annotation.RequestMappingHandlerMapping] - Mapped "{[/editor/saveAttach],methods=[],params=[],headers=[],consumes=[],produces=[],custom=[]}" onto public void com.imark.system.controller.EditorController.saveAttach(org.springframework.web.multipart.MultipartFile,javax.servlet.http.HttpServletRequest,javax.servlet.http.HttpServletResponse) throws java.io.IOException
2016-02-24 15:49:38,418 [main] INFO  [org.springframework.web.servlet.mvc.method.annotation.RequestMappingHandlerMapping] - Mapped "{[/editor/editArticle],methods=[],params=[],headers=[],consumes=[],produces=[],custom=[]}" onto public java.lang.Object com.imark.system.controller.EditorController.editArticle(java.lang.String)
2016-02-24 15:49:38,418 [main] INFO  [org.springframework.web.servlet.mvc.method.annotation.RequestMappingHandlerMapping] - Mapped "{[/editor/showArticle],methods=[],params=[],headers=[],consumes=[],produces=[],custom=[]}" onto public java.lang.Object com.imark.system.controller.EditorController.showArticle(java.lang.String)
2016-02-24 15:49:38,418 [main] INFO  [org.springframework.web.servlet.mvc.method.annotation.RequestMappingHandlerMapping] - Mapped "{[/editor/dispArticle],methods=[],params=[],headers=[],consumes=[],produces=[],custom=[]}" onto public java.lang.Object com.imark.system.controller.EditorController.dispArticle(java.lang.String)
2016-02-24 15:49:38,418 [main] INFO  [org.springframework.web.servlet.mvc.method.annotation.RequestMappingHandlerMapping] - Mapped "{[/editor/addArticle],methods=[],params=[],headers=[],consumes=[],produces=[],custom=[]}" onto public java.lang.Object com.imark.system.controller.EditorController.addArticle()
2016-02-24 15:49:38,418 [main] INFO  [org.springframework.web.servlet.mvc.method.annotation.RequestMappingHandlerMapping] - Mapped "{[/editor/saveArticle],methods=[],params=[],headers=[],consumes=[],produces=[],custom=[]}" onto public java.lang.String com.imark.system.controller.EditorController.saveArticle(javax.servlet.http.HttpServletRequest)
2016-02-24 15:49:38,418 [main] INFO  [org.springframework.web.servlet.mvc.method.annotation.RequestMappingHandlerMapping] - Mapped "{[/editor/uploadImage],methods=[],params=[],headers=[],consumes=[],produces=[],custom=[]}" onto public void com.imark.system.controller.EditorController.uploadImage(org.springframework.web.multipart.MultipartFile,javax.servlet.http.HttpServletRequest,javax.servlet.http.HttpServletResponse) throws org.apache.commons.fileupload.FileUploadException,java.lang.IllegalStateException,java.io.IOException
2016-02-24 15:49:38,418 [main] INFO  [org.springframework.web.servlet.mvc.method.annotation.RequestMappingHandlerMapping] - Mapped "{[/file/download],methods=[],params=[],headers=[],consumes=[],produces=[],custom=[]}" onto public void com.imark.system.controller.FileController.download(javax.servlet.http.HttpServletRequest,javax.servlet.http.HttpServletResponse) throws java.io.IOException
2016-02-24 15:49:38,418 [main] INFO  [org.springframework.web.servlet.mvc.method.annotation.RequestMappingHandlerMapping] - Mapped "{[/file/upload],methods=[],params=[],headers=[],consumes=[],produces=[],custom=[]}" onto public void com.imark.system.controller.FileController.upload(org.springframework.web.multipart.MultipartFile,javax.servlet.http.HttpServletRequest,javax.servlet.http.HttpServletResponse) throws java.io.IOException
2016-02-24 15:49:38,418 [main] INFO  [org.springframework.web.servlet.mvc.method.annotation.RequestMappingHandlerMapping] - Mapped "{[/file/indexSubmit],methods=[],params=[],headers=[],consumes=[],produces=[],custom=[]}" onto public java.lang.String com.imark.system.controller.FileController.indexSubmit(com.imark.system.vo.IformVo,javax.servlet.http.HttpServletRequest)
2016-02-24 15:49:38,418 [main] INFO  [org.springframework.web.servlet.mvc.method.annotation.RequestMappingHandlerMapping] - Mapped "{[/file/testParam],methods=[],params=[],headers=[],consumes=[],produces=[],custom=[]}" onto public java.lang.String com.imark.system.controller.FileController.testParam(javax.servlet.http.HttpServletRequest) throws java.io.UnsupportedEncodingException
2016-02-24 15:49:38,418 [main] INFO  [org.springframework.web.servlet.mvc.method.annotation.RequestMappingHandlerMapping] - Mapped "{[/html/index],methods=[],params=[],headers=[],consumes=[],produces=[],custom=[]}" onto public java.lang.Object com.imark.system.controller.HtmlController.index(java.lang.String)
2016-02-24 15:49:38,418 [main] INFO  [org.springframework.web.servlet.mvc.method.annotation.RequestMappingHandlerMapping] - Mapped "{[/html/content],methods=[],params=[],headers=[],consumes=[],produces=[],custom=[]}" onto public java.lang.Object com.imark.system.controller.HtmlController.content(java.lang.String)
2016-02-24 15:49:38,418 [main] INFO  [org.springframework.web.servlet.mvc.method.annotation.RequestMappingHandlerMapping] - Mapped "{[/html/nanling],methods=[],params=[],headers=[],consumes=[],produces=[],custom=[]}" onto public java.lang.Object com.imark.system.controller.HtmlController.nanling(java.lang.String)
2016-02-24 15:49:38,418 [main] INFO  [org.springframework.web.servlet.mvc.method.annotation.RequestMappingHandlerMapping] - Mapped "{[/main],methods=[],params=[],headers=[],consumes=[],produces=[],custom=[]}" onto public java.lang.String com.imark.system.controller.IndexController.main()
2016-02-24 15:49:38,418 [main] INFO  [org.springframework.web.servlet.mvc.method.annotation.RequestMappingHandlerMapping] - Mapped "{[/ || /login || /welcome],methods=[],params=[],headers=[],consumes=[],produces=[],custom=[]}" onto public java.lang.String com.imark.system.controller.IndexController.index()
2016-02-24 15:49:38,418 [main] INFO  [org.springframework.web.servlet.mvc.method.annotation.RequestMappingHandlerMapping] - Mapped "{[/views/{module}/{page}],methods=[],params=[],headers=[],consumes=[],produces=[],custom=[]}" onto public java.lang.String com.imark.system.controller.IndexController.getDefinedPage(java.lang.String,java.lang.String)
2016-02-24 15:49:38,418 [main] INFO  [org.springframework.web.servlet.mvc.method.annotation.RequestMappingHandlerMapping] - Mapped "{[/webDemo],methods=[],params=[],headers=[],consumes=[],produces=[],custom=[]}" onto public java.lang.String com.imark.system.controller.IndexController.webDemo()
2016-02-24 15:49:38,418 [main] INFO  [org.springframework.web.servlet.mvc.method.annotation.RequestMappingHandlerMapping] - Mapped "{[/doLogin],methods=[],params=[],headers=[],consumes=[],produces=[],custom=[]}" onto public org.springframework.web.servlet.ModelAndView com.imark.system.controller.IndexController.doLogin(java.lang.String,java.lang.String,javax.servlet.http.HttpSession)
2016-02-24 15:49:38,418 [main] INFO  [org.springframework.web.servlet.mvc.method.annotation.RequestMappingHandlerMapping] - Mapped "{[/markLog/list],methods=[],params=[],headers=[],consumes=[],produces=[],custom=[]}" onto public java.util.Map<java.lang.String, java.lang.Object> com.imark.system.controller.MarkLogController.list(javax.servlet.http.HttpServletRequest)
2016-02-24 15:49:38,418 [main] INFO  [org.springframework.web.servlet.mvc.method.annotation.RequestMappingHandlerMapping] - Mapped "{[/sysLoginUser/list],methods=[],params=[],headers=[],consumes=[],produces=[],custom=[]}" onto public java.lang.Object com.imark.system.controller.SysLoginUserController.list(javax.servlet.http.HttpServletRequest)
2016-02-24 15:49:38,418 [main] INFO  [org.springframework.web.servlet.mvc.method.annotation.RequestMappingHandlerMapping] - Mapped "{[/sysLoginUser/save],methods=[],params=[],headers=[],consumes=[],produces=[],custom=[]}" onto public java.lang.Object com.imark.system.controller.SysLoginUserController.save(com.imark.system.model.SysLoginUser)
2016-02-24 15:49:38,418 [main] INFO  [org.springframework.web.servlet.mvc.method.annotation.RequestMappingHandlerMapping] - Mapped "{[/sysLoginUser/delete],methods=[],params=[],headers=[],consumes=[],produces=[],custom=[]}" onto public java.lang.Object com.imark.system.controller.SysLoginUserController.delete(javax.servlet.http.HttpServletRequest)
2016-02-24 15:49:38,418 [main] INFO  [org.springframework.web.servlet.mvc.method.annotation.RequestMappingHandlerMapping] - Mapped "{[/sysMenu/save],methods=[],params=[],headers=[],consumes=[],produces=[],custom=[]}" onto public java.lang.Object com.imark.system.controller.SysMenuController.save()
2016-02-24 15:49:39,137 [main] INFO  [org.springframework.web.servlet.mvc.method.annotation.RequestMappingHandlerAdapter] - Looking for @ControllerAdvice: WebApplicationContext for namespace 'springServlet-servlet': startup date [Wed Feb 24 15:49:37 CST 2016]; parent: Root WebApplicationContext
2016-02-24 15:49:39,215 [main] INFO  [org.springframework.web.servlet.mvc.method.annotation.RequestMappingHandlerAdapter] - Looking for @ControllerAdvice: WebApplicationContext for namespace 'springServlet-servlet': startup date [Wed Feb 24 15:49:37 CST 2016]; parent: Root WebApplicationContext
2016-02-24 15:49:39,348 [main] INFO  [org.springframework.web.servlet.DispatcherServlet] - FrameworkServlet 'springServlet': initialization completed in 2170 ms
2016-02-24 16:19:51,417 [main] INFO  [org.springframework.web.context.ContextLoader] - Root WebApplicationContext: initialization started
2016-02-24 16:19:51,542 [main] INFO  [org.springframework.web.context.support.XmlWebApplicationContext] - Refreshing Root WebApplicationContext: startup date [Wed Feb 24 16:19:51 CST 2016]; root of context hierarchy
2016-02-24 16:19:51,589 [main] INFO  [org.springframework.beans.factory.xml.XmlBeanDefinitionReader] - Loading XML bean definitions from URL [file:/F:/workspace/rac/imark/target/classes/spring/applicationContext.xml]
2016-02-24 16:19:51,651 [main] INFO  [org.springframework.beans.factory.xml.XmlBeanDefinitionReader] - Loading XML bean definitions from class path resource [spring/spring-data-jpa.xml]
2016-02-24 16:19:51,870 [main] INFO  [org.springframework.context.support.PropertySourcesPlaceholderConfigurer] - Loading properties file from class path resource [database/jdbc.properties]
2016-02-24 16:19:51,948 [main] INFO  [org.springframework.context.support.PostProcessorRegistrationDelegate$BeanPostProcessorChecker] - Bean 'org.springframework.transaction.annotation.AnnotationTransactionAttributeSource#0' of type [class org.springframework.transaction.annotation.AnnotationTransactionAttributeSource] is not eligible for getting processed by all BeanPostProcessors (for example: not eligible for auto-proxying)
2016-02-24 16:19:51,948 [main] INFO  [org.springframework.context.support.PostProcessorRegistrationDelegate$BeanPostProcessorChecker] - Bean 'org.springframework.transaction.config.internalTransactionAdvisor' of type [class org.springframework.transaction.interceptor.BeanFactoryTransactionAttributeSourceAdvisor] is not eligible for getting processed by all BeanPostProcessors (for example: not eligible for auto-proxying)
2016-02-24 16:19:52,808 [main] INFO  [com.alibaba.druid.pool.DruidDataSource] - {dataSource-1} inited
2016-02-24 16:19:52,924 [main] INFO  [org.springframework.orm.jpa.LocalContainerEntityManagerFactoryBean] - Building JPA container EntityManagerFactory for persistence unit 'default'
2016-02-24 16:19:52,955 [main] INFO  [org.hibernate.jpa.internal.util.LogHelper] - HHH000204: Processing PersistenceUnitInfo [
	name: default
	...]
2016-02-24 16:19:53,127 [main] INFO  [org.hibernate.Version] - HHH000412: Hibernate Core {4.3.5.Final}
2016-02-24 16:19:53,127 [main] INFO  [org.hibernate.cfg.Environment] - HHH000206: hibernate.properties not found
2016-02-24 16:19:53,127 [main] INFO  [org.hibernate.cfg.Environment] - HHH000021: Bytecode provider name : javassist
2016-02-24 16:19:53,345 [main] INFO  [org.hibernate.annotations.common.Version] - HCANN000001: Hibernate Commons Annotations {4.0.4.Final}
2016-02-24 16:19:53,424 [main] INFO  [org.hibernate.dialect.Dialect] - HHH000400: Using dialect: org.hibernate.dialect.H2Dialect
2016-02-24 16:19:53,627 [main] INFO  [org.hibernate.hql.internal.ast.ASTQueryTranslatorFactory] - HHH000397: Using ASTQueryTranslatorFactory
2016-02-24 16:19:53,736 [main] WARN  [org.hibernate.id.UUIDHexGenerator] - HHH000409: Using org.hibernate.id.UUIDHexGenerator which does not generate IETF RFC 4122 compliant UUID values; consider using org.hibernate.id.UUIDGenerator instead
2016-02-24 16:19:54,345 [main] INFO  [org.springframework.web.context.ContextLoader] - Root WebApplicationContext: initialization completed in 2928 ms
2016-02-24 16:19:54,468 [main] INFO  [org.springframework.web.servlet.DispatcherServlet] - FrameworkServlet 'springServlet': initialization started
2016-02-24 16:19:54,468 [main] INFO  [org.springframework.web.context.support.XmlWebApplicationContext] - Refreshing WebApplicationContext for namespace 'springServlet-servlet': startup date [Wed Feb 24 16:19:54 CST 2016]; parent: Root WebApplicationContext
2016-02-24 16:19:54,468 [main] INFO  [org.springframework.beans.factory.xml.XmlBeanDefinitionReader] - Loading XML bean definitions from ServletContext resource [/WEB-INF/spring-mvc.xml]
2016-02-24 16:19:54,687 [main] INFO  [org.springframework.beans.factory.annotation.AutowiredAnnotationBeanPostProcessor] - JSR-330 'javax.inject.Inject' annotation found and supported for autowiring
2016-02-24 16:19:55,515 [main] INFO  [org.springframework.web.servlet.view.freemarker.FreeMarkerConfigurer] - ClassTemplateLoader for Spring macros added to FreeMarker configuration
2016-02-24 16:19:55,666 [main] INFO  [org.springframework.web.servlet.handler.SimpleUrlHandlerMapping] - Mapped URL path [/resources/**] onto handler 'org.springframework.web.servlet.resource.ResourceHttpRequestHandler#0'
2016-02-24 16:19:55,697 [main] INFO  [org.springframework.web.servlet.handler.SimpleUrlHandlerMapping] - Mapped URL path [/upload/**] onto handler 'org.springframework.web.servlet.resource.ResourceHttpRequestHandler#1'
2016-02-24 16:19:55,744 [main] INFO  [org.springframework.web.servlet.mvc.method.annotation.RequestMappingHandlerMapping] - Mapped "{[/bizBill/list],methods=[],params=[],headers=[],consumes=[],produces=[],custom=[]}" onto public java.lang.Object com.imark.manager.controller.BizBillController.list(javax.servlet.http.HttpServletRequest)
2016-02-24 16:19:55,744 [main] INFO  [org.springframework.web.servlet.mvc.method.annotation.RequestMappingHandlerMapping] - Mapped "{[/editor/list],methods=[],params=[],headers=[],consumes=[],produces=[],custom=[]}" onto public java.lang.Object com.imark.system.controller.EditorController.list(javax.servlet.http.HttpServletRequest)
2016-02-24 16:19:55,744 [main] INFO  [org.springframework.web.servlet.mvc.method.annotation.RequestMappingHandlerMapping] - Mapped "{[/editor/delete],methods=[],params=[],headers=[],consumes=[],produces=[],custom=[]}" onto public java.lang.Object com.imark.system.controller.EditorController.delete(javax.servlet.http.HttpServletRequest)
2016-02-24 16:19:55,744 [main] INFO  [org.springframework.web.servlet.mvc.method.annotation.RequestMappingHandlerMapping] - Mapped "{[/editor/downloadAttach],methods=[],params=[],headers=[],consumes=[],produces=[],custom=[]}" onto public void com.imark.system.controller.EditorController.downloadAttach(javax.servlet.http.HttpServletRequest,javax.servlet.http.HttpServletResponse) throws java.io.IOException
2016-02-24 16:19:55,744 [main] INFO  [org.springframework.web.servlet.mvc.method.annotation.RequestMappingHandlerMapping] - Mapped "{[/editor/uploadImage],methods=[],params=[],headers=[],consumes=[],produces=[],custom=[]}" onto public void com.imark.system.controller.EditorController.uploadImage(org.springframework.web.multipart.MultipartFile,javax.servlet.http.HttpServletRequest,javax.servlet.http.HttpServletResponse) throws org.apache.commons.fileupload.FileUploadException,java.lang.IllegalStateException,java.io.IOException
2016-02-24 16:19:55,744 [main] INFO  [org.springframework.web.servlet.mvc.method.annotation.RequestMappingHandlerMapping] - Mapped "{[/editor/saveAttach],methods=[],params=[],headers=[],consumes=[],produces=[],custom=[]}" onto public void com.imark.system.controller.EditorController.saveAttach(org.springframework.web.multipart.MultipartFile,javax.servlet.http.HttpServletRequest,javax.servlet.http.HttpServletResponse) throws java.io.IOException
2016-02-24 16:19:55,744 [main] INFO  [org.springframework.web.servlet.mvc.method.annotation.RequestMappingHandlerMapping] - Mapped "{[/editor/saveArticle],methods=[],params=[],headers=[],consumes=[],produces=[],custom=[]}" onto public java.lang.String com.imark.system.controller.EditorController.saveArticle(javax.servlet.http.HttpServletRequest)
2016-02-24 16:19:55,744 [main] INFO  [org.springframework.web.servlet.mvc.method.annotation.RequestMappingHandlerMapping] - Mapped "{[/editor/showArticle],methods=[],params=[],headers=[],consumes=[],produces=[],custom=[]}" onto public java.lang.Object com.imark.system.controller.EditorController.showArticle(java.lang.String)
2016-02-24 16:19:55,744 [main] INFO  [org.springframework.web.servlet.mvc.method.annotation.RequestMappingHandlerMapping] - Mapped "{[/editor/editArticle],methods=[],params=[],headers=[],consumes=[],produces=[],custom=[]}" onto public java.lang.Object com.imark.system.controller.EditorController.editArticle(java.lang.String)
2016-02-24 16:19:55,744 [main] INFO  [org.springframework.web.servlet.mvc.method.annotation.RequestMappingHandlerMapping] - Mapped "{[/editor/dispArticle],methods=[],params=[],headers=[],consumes=[],produces=[],custom=[]}" onto public java.lang.Object com.imark.system.controller.EditorController.dispArticle(java.lang.String)
2016-02-24 16:19:55,744 [main] INFO  [org.springframework.web.servlet.mvc.method.annotation.RequestMappingHandlerMapping] - Mapped "{[/editor/addArticle],methods=[],params=[],headers=[],consumes=[],produces=[],custom=[]}" onto public java.lang.Object com.imark.system.controller.EditorController.addArticle()
2016-02-24 16:19:55,744 [main] INFO  [org.springframework.web.servlet.mvc.method.annotation.RequestMappingHandlerMapping] - Mapped "{[/file/download],methods=[],params=[],headers=[],consumes=[],produces=[],custom=[]}" onto public void com.imark.system.controller.FileController.download(javax.servlet.http.HttpServletRequest,javax.servlet.http.HttpServletResponse) throws java.io.IOException
2016-02-24 16:19:55,744 [main] INFO  [org.springframework.web.servlet.mvc.method.annotation.RequestMappingHandlerMapping] - Mapped "{[/file/upload],methods=[],params=[],headers=[],consumes=[],produces=[],custom=[]}" onto public void com.imark.system.controller.FileController.upload(org.springframework.web.multipart.MultipartFile,javax.servlet.http.HttpServletRequest,javax.servlet.http.HttpServletResponse) throws java.io.IOException
2016-02-24 16:19:55,744 [main] INFO  [org.springframework.web.servlet.mvc.method.annotation.RequestMappingHandlerMapping] - Mapped "{[/file/indexSubmit],methods=[],params=[],headers=[],consumes=[],produces=[],custom=[]}" onto public java.lang.String com.imark.system.controller.FileController.indexSubmit(com.imark.system.vo.IformVo,javax.servlet.http.HttpServletRequest)
2016-02-24 16:19:55,744 [main] INFO  [org.springframework.web.servlet.mvc.method.annotation.RequestMappingHandlerMapping] - Mapped "{[/file/testParam],methods=[],params=[],headers=[],consumes=[],produces=[],custom=[]}" onto public java.lang.String com.imark.system.controller.FileController.testParam(javax.servlet.http.HttpServletRequest) throws java.io.UnsupportedEncodingException
2016-02-24 16:19:55,744 [main] INFO  [org.springframework.web.servlet.mvc.method.annotation.RequestMappingHandlerMapping] - Mapped "{[/html/index],methods=[],params=[],headers=[],consumes=[],produces=[],custom=[]}" onto public java.lang.Object com.imark.system.controller.HtmlController.index(java.lang.String)
2016-02-24 16:19:55,744 [main] INFO  [org.springframework.web.servlet.mvc.method.annotation.RequestMappingHandlerMapping] - Mapped "{[/html/content],methods=[],params=[],headers=[],consumes=[],produces=[],custom=[]}" onto public java.lang.Object com.imark.system.controller.HtmlController.content(java.lang.String)
2016-02-24 16:19:55,744 [main] INFO  [org.springframework.web.servlet.mvc.method.annotation.RequestMappingHandlerMapping] - Mapped "{[/html/nanling],methods=[],params=[],headers=[],consumes=[],produces=[],custom=[]}" onto public java.lang.Object com.imark.system.controller.HtmlController.nanling(java.lang.String)
2016-02-24 16:19:55,744 [main] INFO  [org.springframework.web.servlet.mvc.method.annotation.RequestMappingHandlerMapping] - Mapped "{[/main],methods=[],params=[],headers=[],consumes=[],produces=[],custom=[]}" onto public java.lang.String com.imark.system.controller.IndexController.main()
2016-02-24 16:19:55,744 [main] INFO  [org.springframework.web.servlet.mvc.method.annotation.RequestMappingHandlerMapping] - Mapped "{[/ || /login || /welcome],methods=[],params=[],headers=[],consumes=[],produces=[],custom=[]}" onto public java.lang.String com.imark.system.controller.IndexController.index()
2016-02-24 16:19:55,744 [main] INFO  [org.springframework.web.servlet.mvc.method.annotation.RequestMappingHandlerMapping] - Mapped "{[/views/{module}/{page}],methods=[],params=[],headers=[],consumes=[],produces=[],custom=[]}" onto public java.lang.String com.imark.system.controller.IndexController.getDefinedPage(java.lang.String,java.lang.String)
2016-02-24 16:19:55,744 [main] INFO  [org.springframework.web.servlet.mvc.method.annotation.RequestMappingHandlerMapping] - Mapped "{[/webDemo],methods=[],params=[],headers=[],consumes=[],produces=[],custom=[]}" onto public java.lang.String com.imark.system.controller.IndexController.webDemo()
2016-02-24 16:19:55,744 [main] INFO  [org.springframework.web.servlet.mvc.method.annotation.RequestMappingHandlerMapping] - Mapped "{[/doLogin],methods=[],params=[],headers=[],consumes=[],produces=[],custom=[]}" onto public org.springframework.web.servlet.ModelAndView com.imark.system.controller.IndexController.doLogin(java.lang.String,java.lang.String,javax.servlet.http.HttpSession)
2016-02-24 16:19:55,744 [main] INFO  [org.springframework.web.servlet.mvc.method.annotation.RequestMappingHandlerMapping] - Mapped "{[/markLog/list],methods=[],params=[],headers=[],consumes=[],produces=[],custom=[]}" onto public java.util.Map<java.lang.String, java.lang.Object> com.imark.system.controller.MarkLogController.list(javax.servlet.http.HttpServletRequest)
2016-02-24 16:19:55,744 [main] INFO  [org.springframework.web.servlet.mvc.method.annotation.RequestMappingHandlerMapping] - Mapped "{[/sysLoginUser/list],methods=[],params=[],headers=[],consumes=[],produces=[],custom=[]}" onto public java.lang.Object com.imark.system.controller.SysLoginUserController.list(javax.servlet.http.HttpServletRequest)
2016-02-24 16:19:55,744 [main] INFO  [org.springframework.web.servlet.mvc.method.annotation.RequestMappingHandlerMapping] - Mapped "{[/sysLoginUser/save],methods=[],params=[],headers=[],consumes=[],produces=[],custom=[]}" onto public java.lang.Object com.imark.system.controller.SysLoginUserController.save(com.imark.system.model.SysLoginUser)
2016-02-24 16:19:55,744 [main] INFO  [org.springframework.web.servlet.mvc.method.annotation.RequestMappingHandlerMapping] - Mapped "{[/sysLoginUser/delete],methods=[],params=[],headers=[],consumes=[],produces=[],custom=[]}" onto public java.lang.Object com.imark.system.controller.SysLoginUserController.delete(javax.servlet.http.HttpServletRequest)
2016-02-24 16:19:55,744 [main] INFO  [org.springframework.web.servlet.mvc.method.annotation.RequestMappingHandlerMapping] - Mapped "{[/sysMenu/save],methods=[],params=[],headers=[],consumes=[],produces=[],custom=[]}" onto public java.lang.Object com.imark.system.controller.SysMenuController.save()
2016-02-24 16:19:56,385 [main] INFO  [org.springframework.web.servlet.mvc.method.annotation.RequestMappingHandlerAdapter] - Looking for @ControllerAdvice: WebApplicationContext for namespace 'springServlet-servlet': startup date [Wed Feb 24 16:19:54 CST 2016]; parent: Root WebApplicationContext
2016-02-24 16:19:56,463 [main] INFO  [org.springframework.web.servlet.mvc.method.annotation.RequestMappingHandlerAdapter] - Looking for @ControllerAdvice: WebApplicationContext for namespace 'springServlet-servlet': startup date [Wed Feb 24 16:19:54 CST 2016]; parent: Root WebApplicationContext
2016-02-24 16:19:56,604 [main] INFO  [org.springframework.web.servlet.DispatcherServlet] - FrameworkServlet 'springServlet': initialization completed in 2136 ms
2016-02-24 16:31:37,254 [qtp14823662-30] ERROR [freemarker.runtime] - Error executing FreeMarker template
FreeMarker template error:
For "." left-hand operand: Expected a hash, but this evaluated to a sequence (wrapper: f.t.SimpleSequence):
==> list  [in template "nanling.ftl" at line 111, column 17]
The failing instruction
 (FTL stack trace):
----------
==> ${list.size}  [in template "nanling.ftl" at line 111, column 15]
----------

Java stack trace (for programmers):
----------
freemarker.core.UnexpectedTypeException: [... Exception message was already printed; see it above ...]
	at freemarker.core.Dot._eval(Dot.java:81)
	at freemarker.core.Expression.eval(Expression.java:111)
	at freemarker.core.Expression.evalAndCoerceToString(Expression.java:115)
	at freemarker.core.DollarVariable.accept(DollarVariable.java:76)
	at freemarker.core.Environment.visit(Environment.java:265)
	at freemarker.core.MixedContent.accept(MixedContent.java:93)
	at freemarker.core.Environment.visit(Environment.java:265)
	at freemarker.core.Environment.process(Environment.java:243)
	at freemarker.template.Template.process(Template.java:277)
	at org.springframework.web.servlet.view.freemarker.FreeMarkerView.processTemplate(FreeMarkerView.java:366)
	at org.springframework.web.servlet.view.freemarker.FreeMarkerView.doRender(FreeMarkerView.java:283)
	at org.springframework.web.servlet.view.freemarker.FreeMarkerView.renderMergedTemplateModel(FreeMarkerView.java:233)
	at org.springframework.web.servlet.view.AbstractTemplateView.renderMergedOutputModel(AbstractTemplateView.java:167)
	at org.springframework.web.servlet.view.AbstractView.render(AbstractView.java:303)
	at org.springframework.web.servlet.DispatcherServlet.render(DispatcherServlet.java:1228)
	at org.springframework.web.servlet.DispatcherServlet.processDispatchResult(DispatcherServlet.java:1011)
	at org.springframework.web.servlet.DispatcherServlet.doDispatch(DispatcherServlet.java:955)
	at org.springframework.web.servlet.DispatcherServlet.doService(DispatcherServlet.java:877)
	at org.springframework.web.servlet.FrameworkServlet.processRequest(FrameworkServlet.java:966)
	at org.springframework.web.servlet.FrameworkServlet.doGet(FrameworkServlet.java:857)
	at javax.servlet.http.HttpServlet.service(HttpServlet.java:707)
	at org.springframework.web.servlet.FrameworkServlet.service(FrameworkServlet.java:842)
	at javax.servlet.http.HttpServlet.service(HttpServlet.java:820)
	at org.eclipse.jetty.servlet.ServletHolder.handle(ServletHolder.java:652)
	at org.eclipse.jetty.servlet.ServletHandler$CachedChain.doFilter(ServletHandler.java:1329)
	at org.springframework.web.filter.CharacterEncodingFilter.doFilterInternal(CharacterEncodingFilter.java:88)
	at org.springframework.web.filter.OncePerRequestFilter.doFilter(OncePerRequestFilter.java:107)
	at org.eclipse.jetty.servlet.ServletHandler$CachedChain.doFilter(ServletHandler.java:1300)
	at org.eclipse.jetty.servlet.ServletHandler.doHandle(ServletHandler.java:445)
	at org.eclipse.jetty.server.handler.ScopedHandler.handle(ScopedHandler.java:137)
	at org.eclipse.jetty.security.SecurityHandler.handle(SecurityHandler.java:559)
	at org.eclipse.jetty.server.session.SessionHandler.doHandle(SessionHandler.java:227)
	at org.eclipse.jetty.server.handler.ContextHandler.doHandle(ContextHandler.java:1038)
	at org.eclipse.jetty.servlet.ServletHandler.doScope(ServletHandler.java:374)
	at org.eclipse.jetty.server.session.SessionHandler.doScope(SessionHandler.java:189)
	at org.eclipse.jetty.server.handler.ContextHandler.doScope(ContextHandler.java:972)
	at org.eclipse.jetty.server.handler.ScopedHandler.handle(ScopedHandler.java:135)
	at org.eclipse.jetty.server.handler.ContextHandlerCollection.handle(ContextHandlerCollection.java:255)
	at org.eclipse.jetty.server.handler.HandlerCollection.handle(HandlerCollection.java:154)
	at org.eclipse.jetty.server.handler.HandlerWrapper.handle(HandlerWrapper.java:116)
	at org.eclipse.jetty.server.Server.handle(Server.java:363)
	at org.eclipse.jetty.server.AbstractHttpConnection.handleRequest(AbstractHttpConnection.java:483)
	at org.eclipse.jetty.server.AbstractHttpConnection.headerComplete(AbstractHttpConnection.java:920)
	at org.eclipse.jetty.server.AbstractHttpConnection$RequestHandler.headerComplete(AbstractHttpConnection.java:982)
	at org.eclipse.jetty.http.HttpParser.parseNext(HttpParser.java:635)
	at org.eclipse.jetty.http.HttpParser.parseAvailable(HttpParser.java:235)
	at org.eclipse.jetty.server.AsyncHttpConnection.handle(AsyncHttpConnection.java:82)
	at org.eclipse.jetty.io.nio.SelectChannelEndPoint.handle(SelectChannelEndPoint.java:627)
	at org.eclipse.jetty.io.nio.SelectChannelEndPoint$1.run(SelectChannelEndPoint.java:51)
	at org.eclipse.jetty.util.thread.QueuedThreadPool.runJob(QueuedThreadPool.java:608)
	at org.eclipse.jetty.util.thread.QueuedThreadPool$3.run(QueuedThreadPool.java:543)
	at java.lang.Thread.run(Thread.java:722)
2016-02-24 16:33:50,314 [qtp14823662-28] ERROR [freemarker.runtime] - Error executing FreeMarker template
FreeMarker template error:
For "${...}" content: Expected a string or something automatically convertible to string (number, date or boolean), but this evaluated to a sequence (wrapper: f.t.SimpleSequence):
==> list  [in template "nanling.ftl" at line 112, column 12]
The failing instruction
 (FTL stack trace):
----------
==> ${list}  [in template "nanling.ftl" at line 112, column 10]
----------

Java stack trace (for programmers):
----------
freemarker.core.NonStringException: [... Exception message was already printed; see it above ...]
	at freemarker.core.EvalUtil.coerceModelToString(EvalUtil.java:417)
	at freemarker.core.Expression.evalAndCoerceToString(Expression.java:115)
	at freemarker.core.DollarVariable.accept(DollarVariable.java:76)
	at freemarker.core.Environment.visit(Environment.java:265)
	at freemarker.core.MixedContent.accept(MixedContent.java:93)
	at freemarker.core.Environment.visit(Environment.java:265)
	at freemarker.core.Environment.process(Environment.java:243)
	at freemarker.template.Template.process(Template.java:277)
	at org.springframework.web.servlet.view.freemarker.FreeMarkerView.processTemplate(FreeMarkerView.java:366)
	at org.springframework.web.servlet.view.freemarker.FreeMarkerView.doRender(FreeMarkerView.java:283)
	at org.springframework.web.servlet.view.freemarker.FreeMarkerView.renderMergedTemplateModel(FreeMarkerView.java:233)
	at org.springframework.web.servlet.view.AbstractTemplateView.renderMergedOutputModel(AbstractTemplateView.java:167)
	at org.springframework.web.servlet.view.AbstractView.render(AbstractView.java:303)
	at org.springframework.web.servlet.DispatcherServlet.render(DispatcherServlet.java:1228)
	at org.springframework.web.servlet.DispatcherServlet.processDispatchResult(DispatcherServlet.java:1011)
	at org.springframework.web.servlet.DispatcherServlet.doDispatch(DispatcherServlet.java:955)
	at org.springframework.web.servlet.DispatcherServlet.doService(DispatcherServlet.java:877)
	at org.springframework.web.servlet.FrameworkServlet.processRequest(FrameworkServlet.java:966)
	at org.springframework.web.servlet.FrameworkServlet.doGet(FrameworkServlet.java:857)
	at javax.servlet.http.HttpServlet.service(HttpServlet.java:707)
	at org.springframework.web.servlet.FrameworkServlet.service(FrameworkServlet.java:842)
	at javax.servlet.http.HttpServlet.service(HttpServlet.java:820)
	at org.eclipse.jetty.servlet.ServletHolder.handle(ServletHolder.java:652)
	at org.eclipse.jetty.servlet.ServletHandler$CachedChain.doFilter(ServletHandler.java:1329)
	at org.springframework.web.filter.CharacterEncodingFilter.doFilterInternal(CharacterEncodingFilter.java:88)
	at org.springframework.web.filter.OncePerRequestFilter.doFilter(OncePerRequestFilter.java:107)
	at org.eclipse.jetty.servlet.ServletHandler$CachedChain.doFilter(ServletHandler.java:1300)
	at org.eclipse.jetty.servlet.ServletHandler.doHandle(ServletHandler.java:445)
	at org.eclipse.jetty.server.handler.ScopedHandler.handle(ScopedHandler.java:137)
	at org.eclipse.jetty.security.SecurityHandler.handle(SecurityHandler.java:559)
	at org.eclipse.jetty.server.session.SessionHandler.doHandle(SessionHandler.java:227)
	at org.eclipse.jetty.server.handler.ContextHandler.doHandle(ContextHandler.java:1038)
	at org.eclipse.jetty.servlet.ServletHandler.doScope(ServletHandler.java:374)
	at org.eclipse.jetty.server.session.SessionHandler.doScope(SessionHandler.java:189)
	at org.eclipse.jetty.server.handler.ContextHandler.doScope(ContextHandler.java:972)
	at org.eclipse.jetty.server.handler.ScopedHandler.handle(ScopedHandler.java:135)
	at org.eclipse.jetty.server.handler.ContextHandlerCollection.handle(ContextHandlerCollection.java:255)
	at org.eclipse.jetty.server.handler.HandlerCollection.handle(HandlerCollection.java:154)
	at org.eclipse.jetty.server.handler.HandlerWrapper.handle(HandlerWrapper.java:116)
	at org.eclipse.jetty.server.Server.handle(Server.java:363)
	at org.eclipse.jetty.server.AbstractHttpConnection.handleRequest(AbstractHttpConnection.java:483)
	at org.eclipse.jetty.server.AbstractHttpConnection.headerComplete(AbstractHttpConnection.java:920)
	at org.eclipse.jetty.server.AbstractHttpConnection$RequestHandler.headerComplete(AbstractHttpConnection.java:982)
	at org.eclipse.jetty.http.HttpParser.parseNext(HttpParser.java:635)
	at org.eclipse.jetty.http.HttpParser.parseAvailable(HttpParser.java:235)
	at org.eclipse.jetty.server.AsyncHttpConnection.handle(AsyncHttpConnection.java:82)
	at org.eclipse.jetty.io.nio.SelectChannelEndPoint.handle(SelectChannelEndPoint.java:627)
	at org.eclipse.jetty.io.nio.SelectChannelEndPoint$1.run(SelectChannelEndPoint.java:51)
	at org.eclipse.jetty.util.thread.QueuedThreadPool.runJob(QueuedThreadPool.java:608)
	at org.eclipse.jetty.util.thread.QueuedThreadPool$3.run(QueuedThreadPool.java:543)
	at java.lang.Thread.run(Thread.java:722)
2016-02-24 16:34:04,853 [qtp14823662-28] ERROR [freemarker.runtime] - Error executing FreeMarker template
FreeMarker template error:
For "${...}" content: Expected a string or something automatically convertible to string (number, date or boolean), but this evaluated to a sequence (wrapper: f.t.SimpleSequence):
==> list  [in template "nanling.ftl" at line 112, column 12]
The failing instruction
 (FTL stack trace):
----------
==> ${list}  [in template "nanling.ftl" at line 112, column 10]
----------

Java stack trace (for programmers):
----------
freemarker.core.NonStringException: [... Exception message was already printed; see it above ...]
	at freemarker.core.EvalUtil.coerceModelToString(EvalUtil.java:417)
	at freemarker.core.Expression.evalAndCoerceToString(Expression.java:115)
	at freemarker.core.DollarVariable.accept(DollarVariable.java:76)
	at freemarker.core.Environment.visit(Environment.java:265)
	at freemarker.core.MixedContent.accept(MixedContent.java:93)
	at freemarker.core.Environment.visit(Environment.java:265)
	at freemarker.core.Environment.process(Environment.java:243)
	at freemarker.template.Template.process(Template.java:277)
	at org.springframework.web.servlet.view.freemarker.FreeMarkerView.processTemplate(FreeMarkerView.java:366)
	at org.springframework.web.servlet.view.freemarker.FreeMarkerView.doRender(FreeMarkerView.java:283)
	at org.springframework.web.servlet.view.freemarker.FreeMarkerView.renderMergedTemplateModel(FreeMarkerView.java:233)
	at org.springframework.web.servlet.view.AbstractTemplateView.renderMergedOutputModel(AbstractTemplateView.java:167)
	at org.springframework.web.servlet.view.AbstractView.render(AbstractView.java:303)
	at org.springframework.web.servlet.DispatcherServlet.render(DispatcherServlet.java:1228)
	at org.springframework.web.servlet.DispatcherServlet.processDispatchResult(DispatcherServlet.java:1011)
	at org.springframework.web.servlet.DispatcherServlet.doDispatch(DispatcherServlet.java:955)
	at org.springframework.web.servlet.DispatcherServlet.doService(DispatcherServlet.java:877)
	at org.springframework.web.servlet.FrameworkServlet.processRequest(FrameworkServlet.java:966)
	at org.springframework.web.servlet.FrameworkServlet.doGet(FrameworkServlet.java:857)
	at javax.servlet.http.HttpServlet.service(HttpServlet.java:707)
	at org.springframework.web.servlet.FrameworkServlet.service(FrameworkServlet.java:842)
	at javax.servlet.http.HttpServlet.service(HttpServlet.java:820)
	at org.eclipse.jetty.servlet.ServletHolder.handle(ServletHolder.java:652)
	at org.eclipse.jetty.servlet.ServletHandler$CachedChain.doFilter(ServletHandler.java:1329)
	at org.springframework.web.filter.CharacterEncodingFilter.doFilterInternal(CharacterEncodingFilter.java:88)
	at org.springframework.web.filter.OncePerRequestFilter.doFilter(OncePerRequestFilter.java:107)
	at org.eclipse.jetty.servlet.ServletHandler$CachedChain.doFilter(ServletHandler.java:1300)
	at org.eclipse.jetty.servlet.ServletHandler.doHandle(ServletHandler.java:445)
	at org.eclipse.jetty.server.handler.ScopedHandler.handle(ScopedHandler.java:137)
	at org.eclipse.jetty.security.SecurityHandler.handle(SecurityHandler.java:559)
	at org.eclipse.jetty.server.session.SessionHandler.doHandle(SessionHandler.java:227)
	at org.eclipse.jetty.server.handler.ContextHandler.doHandle(ContextHandler.java:1038)
	at org.eclipse.jetty.servlet.ServletHandler.doScope(ServletHandler.java:374)
	at org.eclipse.jetty.server.session.SessionHandler.doScope(SessionHandler.java:189)
	at org.eclipse.jetty.server.handler.ContextHandler.doScope(ContextHandler.java:972)
	at org.eclipse.jetty.server.handler.ScopedHandler.handle(ScopedHandler.java:135)
	at org.eclipse.jetty.server.handler.ContextHandlerCollection.handle(ContextHandlerCollection.java:255)
	at org.eclipse.jetty.server.handler.HandlerCollection.handle(HandlerCollection.java:154)
	at org.eclipse.jetty.server.handler.HandlerWrapper.handle(HandlerWrapper.java:116)
	at org.eclipse.jetty.server.Server.handle(Server.java:363)
	at org.eclipse.jetty.server.AbstractHttpConnection.handleRequest(AbstractHttpConnection.java:483)
	at org.eclipse.jetty.server.AbstractHttpConnection.headerComplete(AbstractHttpConnection.java:920)
	at org.eclipse.jetty.server.AbstractHttpConnection$RequestHandler.headerComplete(AbstractHttpConnection.java:982)
	at org.eclipse.jetty.http.HttpParser.parseNext(HttpParser.java:635)
	at org.eclipse.jetty.http.HttpParser.parseAvailable(HttpParser.java:235)
	at org.eclipse.jetty.server.AsyncHttpConnection.handle(AsyncHttpConnection.java:82)
	at org.eclipse.jetty.io.nio.SelectChannelEndPoint.handle(SelectChannelEndPoint.java:627)
	at org.eclipse.jetty.io.nio.SelectChannelEndPoint$1.run(SelectChannelEndPoint.java:51)
	at org.eclipse.jetty.util.thread.QueuedThreadPool.runJob(QueuedThreadPool.java:608)
	at org.eclipse.jetty.util.thread.QueuedThreadPool$3.run(QueuedThreadPool.java:543)
	at java.lang.Thread.run(Thread.java:722)
2016-02-24 16:34:11,601 [qtp14823662-31] ERROR [freemarker.runtime] - Error executing FreeMarker template
FreeMarker template error:
For "${...}" content: Expected a string or something automatically convertible to string (number, date or boolean), but this evaluated to a sequence (wrapper: f.t.SimpleSequence):
==> list  [in template "nanling.ftl" at line 112, column 12]
The failing instruction
 (FTL stack trace):
----------
==> ${list}  [in template "nanling.ftl" at line 112, column 10]
----------

Java stack trace (for programmers):
----------
freemarker.core.NonStringException: [... Exception message was already printed; see it above ...]
	at freemarker.core.EvalUtil.coerceModelToString(EvalUtil.java:417)
	at freemarker.core.Expression.evalAndCoerceToString(Expression.java:115)
	at freemarker.core.DollarVariable.accept(DollarVariable.java:76)
	at freemarker.core.Environment.visit(Environment.java:265)
	at freemarker.core.MixedContent.accept(MixedContent.java:93)
	at freemarker.core.Environment.visit(Environment.java:265)
	at freemarker.core.Environment.process(Environment.java:243)
	at freemarker.template.Template.process(Template.java:277)
	at org.springframework.web.servlet.view.freemarker.FreeMarkerView.processTemplate(FreeMarkerView.java:366)
	at org.springframework.web.servlet.view.freemarker.FreeMarkerView.doRender(FreeMarkerView.java:283)
	at org.springframework.web.servlet.view.freemarker.FreeMarkerView.renderMergedTemplateModel(FreeMarkerView.java:233)
	at org.springframework.web.servlet.view.AbstractTemplateView.renderMergedOutputModel(AbstractTemplateView.java:167)
	at org.springframework.web.servlet.view.AbstractView.render(AbstractView.java:303)
	at org.springframework.web.servlet.DispatcherServlet.render(DispatcherServlet.java:1228)
	at org.springframework.web.servlet.DispatcherServlet.processDispatchResult(DispatcherServlet.java:1011)
	at org.springframework.web.servlet.DispatcherServlet.doDispatch(DispatcherServlet.java:955)
	at org.springframework.web.servlet.DispatcherServlet.doService(DispatcherServlet.java:877)
	at org.springframework.web.servlet.FrameworkServlet.processRequest(FrameworkServlet.java:966)
	at org.springframework.web.servlet.FrameworkServlet.doGet(FrameworkServlet.java:857)
	at javax.servlet.http.HttpServlet.service(HttpServlet.java:707)
	at org.springframework.web.servlet.FrameworkServlet.service(FrameworkServlet.java:842)
	at javax.servlet.http.HttpServlet.service(HttpServlet.java:820)
	at org.eclipse.jetty.servlet.ServletHolder.handle(ServletHolder.java:652)
	at org.eclipse.jetty.servlet.ServletHandler$CachedChain.doFilter(ServletHandler.java:1329)
	at org.springframework.web.filter.CharacterEncodingFilter.doFilterInternal(CharacterEncodingFilter.java:88)
	at org.springframework.web.filter.OncePerRequestFilter.doFilter(OncePerRequestFilter.java:107)
	at org.eclipse.jetty.servlet.ServletHandler$CachedChain.doFilter(ServletHandler.java:1300)
	at org.eclipse.jetty.servlet.ServletHandler.doHandle(ServletHandler.java:445)
	at org.eclipse.jetty.server.handler.ScopedHandler.handle(ScopedHandler.java:137)
	at org.eclipse.jetty.security.SecurityHandler.handle(SecurityHandler.java:559)
	at org.eclipse.jetty.server.session.SessionHandler.doHandle(SessionHandler.java:227)
	at org.eclipse.jetty.server.handler.ContextHandler.doHandle(ContextHandler.java:1038)
	at org.eclipse.jetty.servlet.ServletHandler.doScope(ServletHandler.java:374)
	at org.eclipse.jetty.server.session.SessionHandler.doScope(SessionHandler.java:189)
	at org.eclipse.jetty.server.handler.ContextHandler.doScope(ContextHandler.java:972)
	at org.eclipse.jetty.server.handler.ScopedHandler.handle(ScopedHandler.java:135)
	at org.eclipse.jetty.server.handler.ContextHandlerCollection.handle(ContextHandlerCollection.java:255)
	at org.eclipse.jetty.server.handler.HandlerCollection.handle(HandlerCollection.java:154)
	at org.eclipse.jetty.server.handler.HandlerWrapper.handle(HandlerWrapper.java:116)
	at org.eclipse.jetty.server.Server.handle(Server.java:363)
	at org.eclipse.jetty.server.AbstractHttpConnection.handleRequest(AbstractHttpConnection.java:483)
	at org.eclipse.jetty.server.AbstractHttpConnection.headerComplete(AbstractHttpConnection.java:920)
	at org.eclipse.jetty.server.AbstractHttpConnection$RequestHandler.headerComplete(AbstractHttpConnection.java:982)
	at org.eclipse.jetty.http.HttpParser.parseNext(HttpParser.java:635)
	at org.eclipse.jetty.http.HttpParser.parseAvailable(HttpParser.java:235)
	at org.eclipse.jetty.server.AsyncHttpConnection.handle(AsyncHttpConnection.java:82)
	at org.eclipse.jetty.io.nio.SelectChannelEndPoint.handle(SelectChannelEndPoint.java:627)
	at org.eclipse.jetty.io.nio.SelectChannelEndPoint$1.run(SelectChannelEndPoint.java:51)
	at org.eclipse.jetty.util.thread.QueuedThreadPool.runJob(QueuedThreadPool.java:608)
	at org.eclipse.jetty.util.thread.QueuedThreadPool$3.run(QueuedThreadPool.java:543)
	at java.lang.Thread.run(Thread.java:722)
2016-02-24 16:41:01,005 [qtp14823662-27] ERROR [freemarker.runtime] - Error executing FreeMarker template
FreeMarker template error:
For "${...}" content: Expected a string or something automatically convertible to string (number, date or boolean), but this evaluated to a sequence (wrapper: f.t.SimpleSequence):
==> list  [in template "nanling.ftl" at line 112, column 12]
The failing instruction
 (FTL stack trace):
----------
==> ${list}  [in template "nanling.ftl" at line 112, column 10]
----------

Java stack trace (for programmers):
----------
freemarker.core.NonStringException: [... Exception message was already printed; see it above ...]
	at freemarker.core.EvalUtil.coerceModelToString(EvalUtil.java:417)
	at freemarker.core.Expression.evalAndCoerceToString(Expression.java:115)
	at freemarker.core.DollarVariable.accept(DollarVariable.java:76)
	at freemarker.core.Environment.visit(Environment.java:265)
	at freemarker.core.MixedContent.accept(MixedContent.java:93)
	at freemarker.core.Environment.visit(Environment.java:265)
	at freemarker.core.Environment.process(Environment.java:243)
	at freemarker.template.Template.process(Template.java:277)
	at org.springframework.web.servlet.view.freemarker.FreeMarkerView.processTemplate(FreeMarkerView.java:366)
	at org.springframework.web.servlet.view.freemarker.FreeMarkerView.doRender(FreeMarkerView.java:283)
	at org.springframework.web.servlet.view.freemarker.FreeMarkerView.renderMergedTemplateModel(FreeMarkerView.java:233)
	at org.springframework.web.servlet.view.AbstractTemplateView.renderMergedOutputModel(AbstractTemplateView.java:167)
	at org.springframework.web.servlet.view.AbstractView.render(AbstractView.java:303)
	at org.springframework.web.servlet.DispatcherServlet.render(DispatcherServlet.java:1228)
	at org.springframework.web.servlet.DispatcherServlet.processDispatchResult(DispatcherServlet.java:1011)
	at org.springframework.web.servlet.DispatcherServlet.doDispatch(DispatcherServlet.java:955)
	at org.springframework.web.servlet.DispatcherServlet.doService(DispatcherServlet.java:877)
	at org.springframework.web.servlet.FrameworkServlet.processRequest(FrameworkServlet.java:966)
	at org.springframework.web.servlet.FrameworkServlet.doGet(FrameworkServlet.java:857)
	at javax.servlet.http.HttpServlet.service(HttpServlet.java:707)
	at org.springframework.web.servlet.FrameworkServlet.service(FrameworkServlet.java:842)
	at javax.servlet.http.HttpServlet.service(HttpServlet.java:820)
	at org.eclipse.jetty.servlet.ServletHolder.handle(ServletHolder.java:652)
	at org.eclipse.jetty.servlet.ServletHandler$CachedChain.doFilter(ServletHandler.java:1329)
	at org.springframework.web.filter.CharacterEncodingFilter.doFilterInternal(CharacterEncodingFilter.java:88)
	at org.springframework.web.filter.OncePerRequestFilter.doFilter(OncePerRequestFilter.java:107)
	at org.eclipse.jetty.servlet.ServletHandler$CachedChain.doFilter(ServletHandler.java:1300)
	at org.eclipse.jetty.servlet.ServletHandler.doHandle(ServletHandler.java:445)
	at org.eclipse.jetty.server.handler.ScopedHandler.handle(ScopedHandler.java:137)
	at org.eclipse.jetty.security.SecurityHandler.handle(SecurityHandler.java:559)
	at org.eclipse.jetty.server.session.SessionHandler.doHandle(SessionHandler.java:227)
	at org.eclipse.jetty.server.handler.ContextHandler.doHandle(ContextHandler.java:1038)
	at org.eclipse.jetty.servlet.ServletHandler.doScope(ServletHandler.java:374)
	at org.eclipse.jetty.server.session.SessionHandler.doScope(SessionHandler.java:189)
	at org.eclipse.jetty.server.handler.ContextHandler.doScope(ContextHandler.java:972)
	at org.eclipse.jetty.server.handler.ScopedHandler.handle(ScopedHandler.java:135)
	at org.eclipse.jetty.server.handler.ContextHandlerCollection.handle(ContextHandlerCollection.java:255)
	at org.eclipse.jetty.server.handler.HandlerCollection.handle(HandlerCollection.java:154)
	at org.eclipse.jetty.server.handler.HandlerWrapper.handle(HandlerWrapper.java:116)
	at org.eclipse.jetty.server.Server.handle(Server.java:363)
	at org.eclipse.jetty.server.AbstractHttpConnection.handleRequest(AbstractHttpConnection.java:483)
	at org.eclipse.jetty.server.AbstractHttpConnection.headerComplete(AbstractHttpConnection.java:920)
	at org.eclipse.jetty.server.AbstractHttpConnection$RequestHandler.headerComplete(AbstractHttpConnection.java:982)
	at org.eclipse.jetty.http.HttpParser.parseNext(HttpParser.java:635)
	at org.eclipse.jetty.http.HttpParser.parseAvailable(HttpParser.java:235)
	at org.eclipse.jetty.server.AsyncHttpConnection.handle(AsyncHttpConnection.java:82)
	at org.eclipse.jetty.io.nio.SelectChannelEndPoint.handle(SelectChannelEndPoint.java:627)
	at org.eclipse.jetty.io.nio.SelectChannelEndPoint$1.run(SelectChannelEndPoint.java:51)
	at org.eclipse.jetty.util.thread.QueuedThreadPool.runJob(QueuedThreadPool.java:608)
	at org.eclipse.jetty.util.thread.QueuedThreadPool$3.run(QueuedThreadPool.java:543)
	at java.lang.Thread.run(Thread.java:722)
2016-02-24 17:15:29,346 [qtp14823662-32] WARN  [org.springframework.web.servlet.PageNotFound] - No mapping found for HTTP request with URI [/imark/html/40286f81530bab7d01530bd12dd10005] in DispatcherServlet with name 'springServlet'
2016-02-24 19:02:46,141 [qtp14823662-30] ERROR [freemarker.runtime] - Error executing FreeMarker template
FreeMarker template error:
The following has evaluated to null or missing:
==> article  [in template "dispArticle.ftl" at line 50, column 48]

Tip: If the failing expression is known to be legally null/missing, either specify a default value with myOptionalVar!myDefault, or use <#if myOptionalVar??>when-present<#else>when-missing</#if>. (These only cover the last step of the expression; to cover the whole expression, use parenthessis: (myOptionVar.foo)!myDefault, (myOptionVar.foo)??
The failing instruction
 (FTL stack trace):
----------
==> ${article.articleTitle!""}  [in template "dispArticle.ftl" at line 50, column 46]
----------

Java stack trace (for programmers):
----------
freemarker.core.InvalidReferenceException: [... Exception message was already printed; see it above ...]
	at freemarker.core.InvalidReferenceException.getInstance(InvalidReferenceException.java:98)
	at freemarker.core.UnexpectedTypeException.newDesciptionBuilder(UnexpectedTypeException.java:41)
	at freemarker.core.UnexpectedTypeException.<init>(UnexpectedTypeException.java:24)
	at freemarker.core.Dot._eval(Dot.java:81)
	at freemarker.core.Expression.eval(Expression.java:111)
	at freemarker.core.DefaultToExpression._eval(DefaultToExpression.java:116)
	at freemarker.core.Expression.eval(Expression.java:111)
	at freemarker.core.Expression.evalAndCoerceToString(Expression.java:115)
	at freemarker.core.DollarVariable.accept(DollarVariable.java:76)
	at freemarker.core.Environment.visit(Environment.java:265)
	at freemarker.core.MixedContent.accept(MixedContent.java:93)
	at freemarker.core.Environment.visit(Environment.java:265)
	at freemarker.core.Environment.process(Environment.java:243)
	at freemarker.template.Template.process(Template.java:277)
	at org.springframework.web.servlet.view.freemarker.FreeMarkerView.processTemplate(FreeMarkerView.java:366)
	at org.springframework.web.servlet.view.freemarker.FreeMarkerView.doRender(FreeMarkerView.java:283)
	at org.springframework.web.servlet.view.freemarker.FreeMarkerView.renderMergedTemplateModel(FreeMarkerView.java:233)
	at org.springframework.web.servlet.view.AbstractTemplateView.renderMergedOutputModel(AbstractTemplateView.java:167)
	at org.springframework.web.servlet.view.AbstractView.render(AbstractView.java:303)
	at org.springframework.web.servlet.DispatcherServlet.render(DispatcherServlet.java:1228)
	at org.springframework.web.servlet.DispatcherServlet.processDispatchResult(DispatcherServlet.java:1011)
	at org.springframework.web.servlet.DispatcherServlet.doDispatch(DispatcherServlet.java:955)
	at org.springframework.web.servlet.DispatcherServlet.doService(DispatcherServlet.java:877)
	at org.springframework.web.servlet.FrameworkServlet.processRequest(FrameworkServlet.java:966)
	at org.springframework.web.servlet.FrameworkServlet.doGet(FrameworkServlet.java:857)
	at javax.servlet.http.HttpServlet.service(HttpServlet.java:707)
	at org.springframework.web.servlet.FrameworkServlet.service(FrameworkServlet.java:842)
	at javax.servlet.http.HttpServlet.service(HttpServlet.java:820)
	at org.eclipse.jetty.servlet.ServletHolder.handle(ServletHolder.java:652)
	at org.eclipse.jetty.servlet.ServletHandler$CachedChain.doFilter(ServletHandler.java:1329)
	at org.springframework.web.filter.CharacterEncodingFilter.doFilterInternal(CharacterEncodingFilter.java:88)
	at org.springframework.web.filter.OncePerRequestFilter.doFilter(OncePerRequestFilter.java:107)
	at org.eclipse.jetty.servlet.ServletHandler$CachedChain.doFilter(ServletHandler.java:1300)
	at org.eclipse.jetty.servlet.ServletHandler.doHandle(ServletHandler.java:445)
	at org.eclipse.jetty.server.handler.ScopedHandler.handle(ScopedHandler.java:137)
	at org.eclipse.jetty.security.SecurityHandler.handle(SecurityHandler.java:559)
	at org.eclipse.jetty.server.session.SessionHandler.doHandle(SessionHandler.java:227)
	at org.eclipse.jetty.server.handler.ContextHandler.doHandle(ContextHandler.java:1038)
	at org.eclipse.jetty.servlet.ServletHandler.doScope(ServletHandler.java:374)
	at org.eclipse.jetty.server.session.SessionHandler.doScope(SessionHandler.java:189)
	at org.eclipse.jetty.server.handler.ContextHandler.doScope(ContextHandler.java:972)
	at org.eclipse.jetty.server.handler.ScopedHandler.handle(ScopedHandler.java:135)
	at org.eclipse.jetty.server.handler.ContextHandlerCollection.handle(ContextHandlerCollection.java:255)
	at org.eclipse.jetty.server.handler.HandlerCollection.handle(HandlerCollection.java:154)
	at org.eclipse.jetty.server.handler.HandlerWrapper.handle(HandlerWrapper.java:116)
	at org.eclipse.jetty.server.Server.handle(Server.java:363)
	at org.eclipse.jetty.server.AbstractHttpConnection.handleRequest(AbstractHttpConnection.java:483)
	at org.eclipse.jetty.server.AbstractHttpConnection.headerComplete(AbstractHttpConnection.java:920)
	at org.eclipse.jetty.server.AbstractHttpConnection$RequestHandler.headerComplete(AbstractHttpConnection.java:982)
	at org.eclipse.jetty.http.HttpParser.parseNext(HttpParser.java:635)
	at org.eclipse.jetty.http.HttpParser.parseAvailable(HttpParser.java:235)
	at org.eclipse.jetty.server.AsyncHttpConnection.handle(AsyncHttpConnection.java:82)
	at org.eclipse.jetty.io.nio.SelectChannelEndPoint.handle(SelectChannelEndPoint.java:627)
	at org.eclipse.jetty.io.nio.SelectChannelEndPoint$1.run(SelectChannelEndPoint.java:51)
	at org.eclipse.jetty.util.thread.QueuedThreadPool.runJob(QueuedThreadPool.java:608)
	at org.eclipse.jetty.util.thread.QueuedThreadPool$3.run(QueuedThreadPool.java:543)
	at java.lang.Thread.run(Thread.java:722)
